# JRE version: OpenJDK Runtime Environment (8.0_242-b01) (build 1.8.0_242-release-1644-b01)
# Java VM: OpenJDK 64-Bit Server VM (25.242-b01 mixed mode windows-amd64 compressed oops)
Heap:
 PSYoungGen      total 470016K, used 145359K [0x00000000d5580000, 0x00000000f9d00000, 0x0000000100000000)
  eden space 421888K, 26% used [0x00000000d5580000,0x00000000dc446770,0x00000000ef180000)
  from space 48128K, 66% used [0x00000000ef180000,0x00000000f10ad510,0x00000000f2080000)
  to   space 49664K, 0% used [0x00000000f6c80000,0x00000000f6c80000,0x00000000f9d00000)
 ParOldGen       total 194048K, used 81148K [0x0000000080000000, 0x000000008bd80000, 0x00000000d5580000)
  object space 194048K, 41% used [0x0000000080000000,0x0000000084f3f238,0x000000008bd80000)
 Metaspace       used 111605K, capacity 117438K, committed 117592K, reserved 1150976K
  class space    used 14562K, capacity 15691K, committed 15744K, reserved 1048576K
GC Heap History (10 events):
Event: 94.642 GC heap before
{Heap before GC invocations=25 (full 4):
 PSYoungGen      total 333824K, used 333820K [0x00000000d5580000, 0x00000000eca00000, 0x0000000100000000)
  eden space 308736K, 100% used [0x00000000d5580000,0x00000000e8300000,0x00000000e8300000)
  from space 25088K, 99% used [0x00000000ea380000,0x00000000ebbff320,0x00000000ebc00000)
  to   space 33280K, 0% used [0x00000000e8300000,0x00000000e8300000,0x00000000ea380000)
 ParOldGen       total 194048K, used 71567K [0x0000000080000000, 0x000000008bd80000, 0x00000000d5580000)
  object space 194048K, 36% used [0x0000000080000000,0x00000000845e3de0,0x000000008bd80000)
 Metaspace       used 111097K, capacity 116836K, committed 117080K, reserved 1150976K
  class space    used 14536K, capacity 15644K, committed 15744K, reserved 1048576K
Event: 94.747 GC heap after
Heap after GC invocations=25 (full 4):
 PSYoungGen      total 342016K, used 28493K [0x00000000d5580000, 0x00000000efc80000, 0x0000000100000000)
  eden space 308736K, 0% used [0x00000000d5580000,0x00000000d5580000,0x00000000e8300000)
  from space 33280K, 85% used [0x00000000e8300000,0x00000000e9ed36b8,0x00000000ea380000)
  to   space 36352K, 0% used [0x00000000ed900000,0x00000000ed900000,0x00000000efc80000)
 ParOldGen       total 194048K, used 71575K [0x0000000080000000, 0x000000008bd80000, 0x00000000d5580000)
  object space 194048K, 36% used [0x0000000080000000,0x00000000845e5de0,0x000000008bd80000)
 Metaspace       used 111097K, capacity 116836K, committed 117080K, reserved 1150976K
  class space    used 14536K, capacity 15644K, committed 15744K, reserved 1048576K
}
Event: 96.875 GC heap before
{Heap before GC invocations=26 (full 4):
 PSYoungGen      total 342016K, used 337229K [0x00000000d5580000, 0x00000000efc80000, 0x0000000100000000)
  eden space 308736K, 100% used [0x00000000d5580000,0x00000000e8300000,0x00000000e8300000)
  from space 33280K, 85% used [0x00000000e8300000,0x00000000e9ed36b8,0x00000000ea380000)
  to   space 36352K, 0% used [0x00000000ed900000,0x00000000ed900000,0x00000000efc80000)
 ParOldGen       total 194048K, used 71575K [0x0000000080000000, 0x000000008bd80000, 0x00000000d5580000)
  object space 194048K, 36% used [0x0000000080000000,0x00000000845e5de0,0x000000008bd80000)
 Metaspace       used 111297K, capacity 117042K, committed 117336K, reserved 1150976K
  class space    used 14554K, capacity 15657K, committed 15744K, reserved 1048576K
Event: 96.941 GC heap after
Heap after GC invocations=26 (full 4):
 PSYoungGen      total 394240K, used 28734K [0x00000000d5580000, 0x00000000f0600000, 0x0000000100000000)
  eden space 357888K, 0% used [0x00000000d5580000,0x00000000d5580000,0x00000000eb300000)
  from space 36352K, 79% used [0x00000000ed900000,0x00000000ef50fb90,0x00000000efc80000)
  to   space 38912K, 0% used [0x00000000eb300000,0x00000000eb300000,0x00000000ed900000)
 ParOldGen       total 194048K, used 71583K [0x0000000080000000, 0x000000008bd80000, 0x00000000d5580000)
  object space 194048K, 36% used [0x0000000080000000,0x00000000845e7de0,0x000000008bd80000)
 Metaspace       used 111297K, capacity 117042K, committed 117336K, reserved 1150976K
  class space    used 14554K, capacity 15657K, committed 15744K, reserved 1048576K
}
Event: 99.566 GC heap before
{Heap before GC invocations=27 (full 4):
 PSYoungGen      total 394240K, used 386622K [0x00000000d5580000, 0x00000000f0600000, 0x0000000100000000)
  eden space 357888K, 100% used [0x00000000d5580000,0x00000000eb300000,0x00000000eb300000)
  from space 36352K, 79% used [0x00000000ed900000,0x00000000ef50fb90,0x00000000efc80000)
  to   space 38912K, 0% used [0x00000000eb300000,0x00000000eb300000,0x00000000ed900000)
 ParOldGen       total 194048K, used 71583K [0x0000000080000000, 0x000000008bd80000, 0x00000000d5580000)
  object space 194048K, 36% used [0x0000000080000000,0x00000000845e7de0,0x000000008bd80000)
 Metaspace       used 111417K, capacity 117170K, committed 117336K, reserved 1150976K
  class space    used 14562K, capacity 15691K, committed 15744K, reserved 1048576K
Event: 99.657 GC heap after
Heap after GC invocations=27 (full 4):
 PSYoungGen      total 396800K, used 31967K [0x00000000d5580000, 0x00000000f4980000, 0x0000000100000000)
  eden space 357888K, 0% used [0x00000000d5580000,0x00000000d5580000,0x00000000eb300000)
  from space 38912K, 82% used [0x00000000eb300000,0x00000000ed237d08,0x00000000ed900000)
  to   space 41984K, 0% used [0x00000000f2080000,0x00000000f2080000,0x00000000f4980000)
 ParOldGen       total 194048K, used 71591K [0x0000000080000000, 0x000000008bd80000, 0x00000000d5580000)
  object space 194048K, 36% used [0x0000000080000000,0x00000000845e9de0,0x000000008bd80000)
 Metaspace       used 111417K, capacity 117170K, committed 117336K, reserved 1150976K
  class space    used 14562K, capacity 15691K, committed 15744K, reserved 1048576K
}
Event: 102.432 GC heap before
{Heap before GC invocations=28 (full 4):
 PSYoungGen      total 396800K, used 389855K [0x00000000d5580000, 0x00000000f4980000, 0x0000000100000000)
  eden space 357888K, 100% used [0x00000000d5580000,0x00000000eb300000,0x00000000eb300000)
  from space 38912K, 82% used [0x00000000eb300000,0x00000000ed237d08,0x00000000ed900000)
  to   space 41984K, 0% used [0x00000000f2080000,0x00000000f2080000,0x00000000f4980000)
 ParOldGen       total 194048K, used 71591K [0x0000000080000000, 0x000000008bd80000, 0x00000000d5580000)
  object space 194048K, 36% used [0x0000000080000000,0x00000000845e9de0,0x000000008bd80000)
 Metaspace       used 111494K, capacity 117370K, committed 117592K, reserved 1150976K
  class space    used 14562K, capacity 15691K, committed 15744K, reserved 1048576K
Event: 102.633 GC heap after
Heap after GC invocations=28 (full 4):
 PSYoungGen      total 463872K, used 41981K [0x00000000d5580000, 0x00000000f6280000, 0x0000000100000000)
  eden space 421888K, 0% used [0x00000000d5580000,0x00000000d5580000,0x00000000ef180000)
  from space 41984K, 99% used [0x00000000f2080000,0x00000000f497f5f8,0x00000000f4980000)
  to   space 48128K, 0% used [0x00000000ef180000,0x00000000ef180000,0x00000000f2080000)
 ParOldGen       total 194048K, used 71790K [0x0000000080000000, 0x000000008bd80000, 0x00000000d5580000)
  object space 194048K, 36% used [0x0000000080000000,0x000000008461ba98,0x000000008bd80000)
 Metaspace       used 111494K, capacity 117370K, committed 117592K, reserved 1150976K
  class space    used 14562K, capacity 15691K, committed 15744K, reserved 1048576K
}
Event: 105.051 GC heap before
{Heap before GC invocations=29 (full 4):
 PSYoungGen      total 463872K, used 463869K [0x00000000d5580000, 0x00000000f6280000, 0x0000000100000000)
  eden space 421888K, 100% used [0x00000000d5580000,0x00000000ef180000,0x00000000ef180000)
  from space 41984K, 99% used [0x00000000f2080000,0x00000000f497f5f8,0x00000000f4980000)
  to   space 48128K, 0% used [0x00000000ef180000,0x00000000ef180000,0x00000000f2080000)
 ParOldGen       total 194048K, used 71790K [0x0000000080000000, 0x000000008bd80000, 0x00000000d5580000)
  object space 194048K, 36% used [0x0000000080000000,0x000000008461ba98,0x000000008bd80000)
 Metaspace       used 111585K, capacity 117438K, committed 117592K, reserved 1150976K
  class space    used 14562K, capacity 15691K, committed 15744K, reserved 1048576K
Event: 105.167 GC heap after
Heap after GC invocations=29 (full 4):
 PSYoungGen      total 470016K, used 31925K [0x00000000d5580000, 0x00000000f9d00000, 0x0000000100000000)
  eden space 421888K, 0% used [0x00000000d5580000,0x00000000d5580000,0x00000000ef180000)
  from space 48128K, 66% used [0x00000000ef180000,0x00000000f10ad510,0x00000000f2080000)
  to   space 49664K, 0% used [0x00000000f6c80000,0x00000000f6c80000,0x00000000f9d00000)
 ParOldGen       total 194048K, used 81148K [0x0000000080000000, 0x000000008bd80000, 0x00000000d5580000)
  object space 194048K, 41% used [0x0000000080000000,0x0000000084f3f238,0x000000008bd80000)
 Metaspace       used 111585K, capacity 117438K, committed 117592K, reserved 1150976K
  class space    used 14562K, capacity 15691K, committed 15744K, reserved 1048576K
}

